[2022-03-05 22:23:53,966] {taskinstance.py:1037} INFO - Dependencies all met for <TaskInstance: spotify_dag.whole_spotify_etl manual__2022-03-05T22:23:43.769016+00:00 [queued]>
[2022-03-05 22:23:54,003] {taskinstance.py:1037} INFO - Dependencies all met for <TaskInstance: spotify_dag.whole_spotify_etl manual__2022-03-05T22:23:43.769016+00:00 [queued]>
[2022-03-05 22:23:54,004] {taskinstance.py:1243} INFO - 
--------------------------------------------------------------------------------
[2022-03-05 22:23:54,005] {taskinstance.py:1244} INFO - Starting attempt 1 of 2
[2022-03-05 22:23:54,005] {taskinstance.py:1245} INFO - 
--------------------------------------------------------------------------------
[2022-03-05 22:23:54,062] {taskinstance.py:1264} INFO - Executing <Task(PythonOperator): whole_spotify_etl> on 2022-03-05 22:23:43.769016+00:00
[2022-03-05 22:23:54,098] {standard_task_runner.py:52} INFO - Started process 875 to run task
[2022-03-05 22:23:54,164] {standard_task_runner.py:76} INFO - Running: ['***', 'tasks', 'run', 'spotify_dag', 'whole_spotify_etl', 'manual__2022-03-05T22:23:43.769016+00:00', '--job-id', '3', '--raw', '--subdir', 'DAGS_FOLDER/spotify_dag.py', '--cfg-path', '/tmp/tmpnua8ccfz', '--error-file', '/tmp/tmpkb1ydvfa']
[2022-03-05 22:23:54,175] {standard_task_runner.py:77} INFO - Job 3: Subtask whole_spotify_etl
[2022-03-05 22:23:55,339] {logging_mixin.py:109} INFO - Running <TaskInstance: spotify_dag.whole_spotify_etl manual__2022-03-05T22:23:43.769016+00:00 [running]> on host 7fad89a8527c
[2022-03-05 22:23:55,911] {taskinstance.py:1431} INFO - Exporting the following env vars:
AIRFLOW_CTX_DAG_EMAIL=ing.jlllopezp@gmail.com
AIRFLOW_CTX_DAG_OWNER=***
AIRFLOW_CTX_DAG_ID=spotify_dag
AIRFLOW_CTX_TASK_ID=whole_spotify_etl
AIRFLOW_CTX_EXECUTION_DATE=2022-03-05T22:23:43.769016+00:00
AIRFLOW_CTX_DAG_RUN_ID=manual__2022-03-05T22:23:43.769016+00:00
[2022-03-05 22:23:55,917] {logging_mixin.py:109} INFO - I'm gonna show you something :)
[2022-03-05 22:23:55,918] {python.py:175} INFO - Done. Returned value was: None
[2022-03-05 22:23:56,025] {taskinstance.py:1282} INFO - Marking task as SUCCESS. dag_id=spotify_dag, task_id=whole_spotify_etl, execution_date=20220305T222343, start_date=20220305T222353, end_date=20220305T222356
[2022-03-05 22:23:56,162] {local_task_job.py:154} INFO - Task exited with return code 0
[2022-03-05 22:23:56,338] {local_task_job.py:264} INFO - 0 downstream tasks scheduled from follow-on schedule check
